Determining if the pthread_create exist failed with the following output:
Change Dir: /home/nego/Plasma/Plasma/linux-build/CMakeFiles/CMakeTmp

Run Build Command:"/usr/bin/make" "cmTC_c8e53/fast"
/usr/bin/make -f CMakeFiles/cmTC_c8e53.dir/build.make CMakeFiles/cmTC_c8e53.dir/build
make[1]: Entering directory '/home/nego/Plasma/Plasma/linux-build/CMakeFiles/CMakeTmp'
Building C object CMakeFiles/cmTC_c8e53.dir/CheckSymbolExists.c.o
/usr/bin/cc    -std=c99 -std=gnu99 -fPIC    -o CMakeFiles/cmTC_c8e53.dir/CheckSymbolExists.c.o   -c /home/nego/Plasma/Plasma/linux-build/CMakeFiles/CMakeTmp/CheckSymbolExists.c
Linking C executable cmTC_c8e53
/usr/bin/cmake -E cmake_link_script CMakeFiles/cmTC_c8e53.dir/link.txt --verbose=1
/usr/bin/cc   -std=c99 -std=gnu99 -fPIC     CMakeFiles/cmTC_c8e53.dir/CheckSymbolExists.c.o  -o cmTC_c8e53 -rdynamic 
CMakeFiles/cmTC_c8e53.dir/CheckSymbolExists.c.o: na função `main':
CheckSymbolExists.c:(.text+0x1b): referência indefinida para `pthread_create'
collect2: error: ld returned 1 exit status
CMakeFiles/cmTC_c8e53.dir/build.make:97: recipe for target 'cmTC_c8e53' failed
make[1]: *** [cmTC_c8e53] Error 1
make[1]: Leaving directory '/home/nego/Plasma/Plasma/linux-build/CMakeFiles/CMakeTmp'
Makefile:126: recipe for target 'cmTC_c8e53/fast' failed
make: *** [cmTC_c8e53/fast] Error 2

File /home/nego/Plasma/Plasma/linux-build/CMakeFiles/CMakeTmp/CheckSymbolExists.c:
/* */
#include <pthread.h>

int main(int argc, char** argv)
{
  (void)argv;
#ifndef pthread_create
  return ((int*)(&pthread_create))[argc];
#else
  (void)argc;
  return 0;
#endif
}

Determining if the function pthread_create exists in the pthreads failed with the following output:
Change Dir: /home/nego/Plasma/Plasma/linux-build/CMakeFiles/CMakeTmp

Run Build Command:"/usr/bin/make" "cmTC_fa0e2/fast"
/usr/bin/make -f CMakeFiles/cmTC_fa0e2.dir/build.make CMakeFiles/cmTC_fa0e2.dir/build
make[1]: Entering directory '/home/nego/Plasma/Plasma/linux-build/CMakeFiles/CMakeTmp'
Building C object CMakeFiles/cmTC_fa0e2.dir/CheckFunctionExists.c.o
/usr/bin/cc    -std=c99 -std=gnu99 -fPIC -DCHECK_FUNCTION_EXISTS=pthread_create   -o CMakeFiles/cmTC_fa0e2.dir/CheckFunctionExists.c.o   -c /usr/share/cmake-3.5/Modules/CheckFunctionExists.c
Linking C executable cmTC_fa0e2
/usr/bin/cmake -E cmake_link_script CMakeFiles/cmTC_fa0e2.dir/link.txt --verbose=1
/usr/bin/cc   -std=c99 -std=gnu99 -fPIC -DCHECK_FUNCTION_EXISTS=pthread_create    CMakeFiles/cmTC_fa0e2.dir/CheckFunctionExists.c.o  -o cmTC_fa0e2 -rdynamic -lpthreads 
/usr/bin/ld: não foi possível encontrar -lpthreads
collect2: error: ld returned 1 exit status
CMakeFiles/cmTC_fa0e2.dir/build.make:97: recipe for target 'cmTC_fa0e2' failed
make[1]: *** [cmTC_fa0e2] Error 1
make[1]: Leaving directory '/home/nego/Plasma/Plasma/linux-build/CMakeFiles/CMakeTmp'
Makefile:126: recipe for target 'cmTC_fa0e2/fast' failed
make: *** [cmTC_fa0e2/fast] Error 2


